[debug] [2025-10-31T18:03:09.321Z] [Firebase Plugin] Activating Firebase extension.
[debug] [2025-10-31T18:03:26.262Z] [Firebase Plugin] requireAuthWrapper
[debug] [2025-10-31T18:03:26.265Z] > command requires scopes: ["email","openid","https://www.googleapis.com/auth/cloudplatformprojects.readonly","https://www.googleapis.com/auth/firebase","https://www.googleapis.com/auth/cloud-platform"]
[debug] [2025-10-31T18:03:26.266Z] > authorizing via signed-in user (zambranohle@gmail.com)
[debug] [2025-10-31T18:03:26.271Z] Checked if tokens are valid: false, expires at: 1761932024004
[debug] [2025-10-31T18:03:26.272Z] Checked if tokens are valid: false, expires at: 1761932024004
[debug] [2025-10-31T18:03:26.273Z] > refreshing access token with scopes: []
[debug] [2025-10-31T18:03:26.275Z] >>> [apiv2][query] POST https://www.googleapis.com/oauth2/v3/token [none]
[debug] [2025-10-31T18:03:26.276Z] >>> [apiv2][body] POST https://www.googleapis.com/oauth2/v3/token [omitted]
[debug] [2025-10-31T18:03:26.290Z] [Firebase Plugin] VSCode notification server listening on port 40001
[info] [Firebase Plugin] Starting Data Connect toolkit (version 2.15.0) on port 50001
[debug] [2025-10-31T18:03:26.920Z] 'fdc build' failed with error: Unable to build your Data Connect schema and connectors (exit code 1): E1031 14:03:26.916055   14316 cmd.go:43] Error loading data connect config: could not find dataconnect.yaml in `c:\code\notasclaras\dataconnect`
 {"metadata":{"emulator":{"name":"dataconnect"},"message":"'fdc build' failed with error: Unable to build your Data Connect schema and connectors (exit code 1): E1031 14:03:26.916055   14316 cmd.go:43] Error loading data connect config: could not find dataconnect.yaml in `c:\\code\\notasclaras\\dataconnect`\n"}}
[debug] [2025-10-31T18:03:26.921Z] Ignoring unsupported arg: auto_download {"metadata":{"emulator":{"name":"dataconnect"},"message":"Ignoring unsupported arg: auto_download"}}
[debug] [2025-10-31T18:03:26.922Z] Ignoring unsupported arg: port {"metadata":{"emulator":{"name":"dataconnect"},"message":"Ignoring unsupported arg: port"}}
[debug] [2025-10-31T18:03:26.922Z] Starting Data Connect Emulator with command {"binary":"C:\\Users\\Gonzalez\\.cache\\firebase\\emulators\\dataconnect-emulator-2.15.0.exe","args":["--logtostderr","-v=2","dev","--listen=localhost:50001","--config_dir=c:\\code\\notasclaras\\dataconnect","--enable_output_schema_extensions=true","--enable_output_generated_sdk=true"],"optionalArgs":["listen","config_dir","enable_output_schema_extensions","enable_output_generated_sdk"],"joinArgs":true,"shell":false,"port":9399} {"metadata":{"emulator":{"name":"dataconnect"},"message":"Starting Data Connect Emulator with command {\"binary\":\"C:\\\\Users\\\\Gonzalez\\\\.cache\\\\firebase\\\\emulators\\\\dataconnect-emulator-2.15.0.exe\",\"args\":[\"--logtostderr\",\"-v=2\",\"dev\",\"--listen=localhost:50001\",\"--config_dir=c:\\\\code\\\\notasclaras\\\\dataconnect\",\"--enable_output_schema_extensions=true\",\"--enable_output_generated_sdk=true\"],\"optionalArgs\":[\"listen\",\"config_dir\",\"enable_output_schema_extensions\",\"enable_output_generated_sdk\"],\"joinArgs\":true,\"shell\":false,\"port\":9399}"}}
[info] i  dataconnect: Data Connect Emulator logging to dataconnect-debug.log {"metadata":{"emulator":{"name":"dataconnect"},"message":"Data Connect Emulator logging to \u001b[1mdataconnect-debug.log\u001b[22m"}}
[debug] [2025-10-31T18:03:27.428Z] E1031 14:03:27.378283   14256 dev.go:79] Failed to load initial config from "c:\\code\\notasclaras\\dataconnect": could not find dataconnect.yaml in `c:\code\notasclaras\dataconnect`
E1031 14:03:27.384811   14256 watch.go:102] watchAllDir unable to walk dir `c:\code\notasclaras\dataconnect`: CreateFile c:\code\notasclaras\dataconnect: The system cannot find the file specified.
I1031 14:03:27.422741   14256 dev.go:102] Listening on address (HTTP + gRPC): 127.0.0.1:50001
 {"metadata":{"emulator":{"name":"dataconnect"},"message":"E1031 14:03:27.378283   14256 dev.go:79] Failed to load initial config from \"c:\\\\code\\\\notasclaras\\\\dataconnect\": could not find dataconnect.yaml in `c:\\code\\notasclaras\\dataconnect`\nE1031 14:03:27.384811   14256 watch.go:102] watchAllDir unable to walk dir `c:\\code\\notasclaras\\dataconnect`: CreateFile c:\\code\\notasclaras\\dataconnect: The system cannot find the file specified.\nI1031 14:03:27.422741   14256 dev.go:102] Listening on address (HTTP + gRPC): 127.0.0.1:50001\n"}}
[debug] [2025-10-31T18:03:27.462Z] <<< [apiv2][status] POST https://www.googleapis.com/oauth2/v3/token 200
[debug] [2025-10-31T18:03:27.463Z] <<< [apiv2][body] POST https://www.googleapis.com/oauth2/v3/token [omitted]
[debug] [2025-10-31T18:03:27.485Z] [Firebase Plugin] User found:  zambranohle@gmail.com
[info] [Firebase Plugin] (Core:Project) New user detected, fetching projects
[debug] [2025-10-31T18:03:27.487Z] Checked if tokens are valid: true, expires at: 1761937406463
[debug] [2025-10-31T18:03:27.488Z] >>> [apiv2][query] GET https://firebase.googleapis.com/v1beta1/projects pageSize=1000
[error] [Firebase Plugin] error:  {}
[debug] [2025-10-31T18:03:27.977Z] <<< [apiv2][status] GET https://firebase.googleapis.com/v1beta1/projects 200
[debug] [2025-10-31T18:03:27.977Z] <<< [apiv2][body] GET https://firebase.googleapis.com/v1beta1/projects [omitted]
[debug] [2025-10-31T18:03:37.393Z] E1031 14:03:37.386438   14256 watch.go:31] Failed to load config from "c:\\code\\notasclaras\\dataconnect": could not find dataconnect.yaml in `c:\code\notasclaras\dataconnect`
 {"metadata":{"emulator":{"name":"dataconnect"},"message":"E1031 14:03:37.386438   14256 watch.go:31] Failed to load config from \"c:\\\\code\\\\notasclaras\\\\dataconnect\": could not find dataconnect.yaml in `c:\\code\\notasclaras\\dataconnect`\n"}}
[debug] [2025-10-31T18:03:47.386Z] E1031 14:03:47.385978   14256 watch.go:31] Failed to load config from "c:\\code\\notasclaras\\dataconnect": could not find dataconnect.yaml in `c:\code\notasclaras\dataconnect`
 {"metadata":{"emulator":{"name":"dataconnect"},"message":"E1031 14:03:47.385978   14256 watch.go:31] Failed to load config from \"c:\\\\code\\\\notasclaras\\\\dataconnect\": could not find dataconnect.yaml in `c:\\code\\notasclaras\\dataconnect`\n"}}
[debug] [2025-10-31T18:03:57.387Z] E1031 14:03:57.386722   14256 watch.go:31] Failed to load config from "c:\\code\\notasclaras\\dataconnect": could not find dataconnect.yaml in `c:\code\notasclaras\dataconnect`
 {"metadata":{"emulator":{"name":"dataconnect"},"message":"E1031 14:03:57.386722   14256 watch.go:31] Failed to load config from \"c:\\\\code\\\\notasclaras\\\\dataconnect\": could not find dataconnect.yaml in `c:\\code\\notasclaras\\dataconnect`\n"}}
[debug] [2025-10-31T18:04:07.385Z] E1031 14:04:07.385959   14256 watch.go:31] Failed to load config from "c:\\code\\notasclaras\\dataconnect": could not find dataconnect.yaml in `c:\code\notasclaras\dataconnect`
 {"metadata":{"emulator":{"name":"dataconnect"},"message":"E1031 14:04:07.385959   14256 watch.go:31] Failed to load config from \"c:\\\\code\\\\notasclaras\\\\dataconnect\": could not find dataconnect.yaml in `c:\\code\\notasclaras\\dataconnect`\n"}}
[debug] [2025-10-31T18:04:17.386Z] E1031 14:04:17.386137   14256 watch.go:31] Failed to load config from "c:\\code\\notasclaras\\dataconnect": could not find dataconnect.yaml in `c:\code\notasclaras\dataconnect`
 {"metadata":{"emulator":{"name":"dataconnect"},"message":"E1031 14:04:17.386137   14256 watch.go:31] Failed to load config from \"c:\\\\code\\\\notasclaras\\\\dataconnect\": could not find dataconnect.yaml in `c:\\code\\notasclaras\\dataconnect`\n"}}
[debug] [2025-10-31T18:04:27.388Z] E1031 14:04:27.387975   14256 watch.go:31] Failed to load config from "c:\\code\\notasclaras\\dataconnect": could not find dataconnect.yaml in `c:\code\notasclaras\dataconnect`
 {"metadata":{"emulator":{"name":"dataconnect"},"message":"E1031 14:04:27.387975   14256 watch.go:31] Failed to load config from \"c:\\\\code\\\\notasclaras\\\\dataconnect\": could not find dataconnect.yaml in `c:\\code\\notasclaras\\dataconnect`\n"}}
[debug] [2025-10-31T18:04:37.387Z] E1031 14:04:37.386727   14256 watch.go:31] Failed to load config from "c:\\code\\notasclaras\\dataconnect": could not find dataconnect.yaml in `c:\code\notasclaras\dataconnect`
 {"metadata":{"emulator":{"name":"dataconnect"},"message":"E1031 14:04:37.386727   14256 watch.go:31] Failed to load config from \"c:\\\\code\\\\notasclaras\\\\dataconnect\": could not find dataconnect.yaml in `c:\\code\\notasclaras\\dataconnect`\n"}}
[debug] [2025-10-31T18:04:47.386Z] E1031 14:04:47.386851   14256 watch.go:31] Failed to load config from "c:\\code\\notasclaras\\dataconnect": could not find dataconnect.yaml in `c:\code\notasclaras\dataconnect`
 {"metadata":{"emulator":{"name":"dataconnect"},"message":"E1031 14:04:47.386851   14256 watch.go:31] Failed to load config from \"c:\\\\code\\\\notasclaras\\\\dataconnect\": could not find dataconnect.yaml in `c:\\code\\notasclaras\\dataconnect`\n"}}
[debug] [2025-10-31T18:04:57.387Z] E1031 14:04:57.386772   14256 watch.go:31] Failed to load config from "c:\\code\\notasclaras\\dataconnect": could not find dataconnect.yaml in `c:\code\notasclaras\dataconnect`
 {"metadata":{"emulator":{"name":"dataconnect"},"message":"E1031 14:04:57.386772   14256 watch.go:31] Failed to load config from \"c:\\\\code\\\\notasclaras\\\\dataconnect\": could not find dataconnect.yaml in `c:\\code\\notasclaras\\dataconnect`\n"}}
[debug] [2025-10-31T18:05:07.387Z] E1031 14:05:07.387230   14256 watch.go:31] Failed to load config from "c:\\code\\notasclaras\\dataconnect": could not find dataconnect.yaml in `c:\code\notasclaras\dataconnect`
 {"metadata":{"emulator":{"name":"dataconnect"},"message":"E1031 14:05:07.387230   14256 watch.go:31] Failed to load config from \"c:\\\\code\\\\notasclaras\\\\dataconnect\": could not find dataconnect.yaml in `c:\\code\\notasclaras\\dataconnect`\n"}}
[debug] [2025-10-31T18:05:17.388Z] E1031 14:05:17.387752   14256 watch.go:31] Failed to load config from "c:\\code\\notasclaras\\dataconnect": could not find dataconnect.yaml in `c:\code\notasclaras\dataconnect`
 {"metadata":{"emulator":{"name":"dataconnect"},"message":"E1031 14:05:17.387752   14256 watch.go:31] Failed to load config from \"c:\\\\code\\\\notasclaras\\\\dataconnect\": could not find dataconnect.yaml in `c:\\code\\notasclaras\\dataconnect`\n"}}
[debug] [2025-10-31T18:05:27.386Z] E1031 14:05:27.386336   14256 watch.go:31] Failed to load config from "c:\\code\\notasclaras\\dataconnect": could not find dataconnect.yaml in `c:\code\notasclaras\dataconnect`
 {"metadata":{"emulator":{"name":"dataconnect"},"message":"E1031 14:05:27.386336   14256 watch.go:31] Failed to load config from \"c:\\\\code\\\\notasclaras\\\\dataconnect\": could not find dataconnect.yaml in `c:\\code\\notasclaras\\dataconnect`\n"}}
[debug] [2025-10-31T18:05:27.387Z] E1031 14:05:27.386336   14256 watch.go:102] watchAllDir unable to walk dir `c:\code\notasclaras\dataconnect`: CreateFile c:\code\notasclaras\dataconnect: The system cannot find the file specified.
 {"metadata":{"emulator":{"name":"dataconnect"},"message":"E1031 14:05:27.386336   14256 watch.go:102] watchAllDir unable to walk dir `c:\\code\\notasclaras\\dataconnect`: CreateFile c:\\code\\notasclaras\\dataconnect: The system cannot find the file specified.\n"}}
[debug] [2025-10-31T18:05:37.388Z] E1031 14:05:37.387876   14256 watch.go:31] Failed to load config from "c:\\code\\notasclaras\\dataconnect": could not find dataconnect.yaml in `c:\code\notasclaras\dataconnect`
 {"metadata":{"emulator":{"name":"dataconnect"},"message":"E1031 14:05:37.387876   14256 watch.go:31] Failed to load config from \"c:\\\\code\\\\notasclaras\\\\dataconnect\": could not find dataconnect.yaml in `c:\\code\\notasclaras\\dataconnect`\n"}}
[debug] [2025-10-31T18:05:47.387Z] E1031 14:05:47.386568   14256 watch.go:31] Failed to load config from "c:\\code\\notasclaras\\dataconnect": could not find dataconnect.yaml in `c:\code\notasclaras\dataconnect`
 {"metadata":{"emulator":{"name":"dataconnect"},"message":"E1031 14:05:47.386568   14256 watch.go:31] Failed to load config from \"c:\\\\code\\\\notasclaras\\\\dataconnect\": could not find dataconnect.yaml in `c:\\code\\notasclaras\\dataconnect`\n"}}
[debug] [2025-10-31T18:05:57.386Z] E1031 14:05:57.386759   14256 watch.go:31] Failed to load config from "c:\\code\\notasclaras\\dataconnect": could not find dataconnect.yaml in `c:\code\notasclaras\dataconnect`
 {"metadata":{"emulator":{"name":"dataconnect"},"message":"E1031 14:05:57.386759   14256 watch.go:31] Failed to load config from \"c:\\\\code\\\\notasclaras\\\\dataconnect\": could not find dataconnect.yaml in `c:\\code\\notasclaras\\dataconnect`\n"}}
[debug] [2025-10-31T18:06:07.388Z] E1031 14:06:07.388534   14256 watch.go:31] Failed to load config from "c:\\code\\notasclaras\\dataconnect": could not find dataconnect.yaml in `c:\code\notasclaras\dataconnect`
 {"metadata":{"emulator":{"name":"dataconnect"},"message":"E1031 14:06:07.388534   14256 watch.go:31] Failed to load config from \"c:\\\\code\\\\notasclaras\\\\dataconnect\": could not find dataconnect.yaml in `c:\\code\\notasclaras\\dataconnect`\n"}}
[debug] [2025-10-31T18:06:17.387Z] E1031 14:06:17.388118   14256 watch.go:31] Failed to load config from "c:\\code\\notasclaras\\dataconnect": could not find dataconnect.yaml in `c:\code\notasclaras\dataconnect`
 {"metadata":{"emulator":{"name":"dataconnect"},"message":"E1031 14:06:17.388118   14256 watch.go:31] Failed to load config from \"c:\\\\code\\\\notasclaras\\\\dataconnect\": could not find dataconnect.yaml in `c:\\code\\notasclaras\\dataconnect`\n"}}
[debug] [2025-10-31T18:06:27.386Z] E1031 14:06:27.386708   14256 watch.go:31] Failed to load config from "c:\\code\\notasclaras\\dataconnect": could not find dataconnect.yaml in `c:\code\notasclaras\dataconnect`
 {"metadata":{"emulator":{"name":"dataconnect"},"message":"E1031 14:06:27.386708   14256 watch.go:31] Failed to load config from \"c:\\\\code\\\\notasclaras\\\\dataconnect\": could not find dataconnect.yaml in `c:\\code\\notasclaras\\dataconnect`\n"}}
[debug] [2025-10-31T18:06:37.387Z] E1031 14:06:37.386380   14256 watch.go:31] Failed to load config from "c:\\code\\notasclaras\\dataconnect": could not find dataconnect.yaml in `c:\code\notasclaras\dataconnect`
 {"metadata":{"emulator":{"name":"dataconnect"},"message":"E1031 14:06:37.386380   14256 watch.go:31] Failed to load config from \"c:\\\\code\\\\notasclaras\\\\dataconnect\": could not find dataconnect.yaml in `c:\\code\\notasclaras\\dataconnect`\n"}}
[debug] [2025-10-31T18:06:47.387Z] E1031 14:06:47.387836   14256 watch.go:31] Failed to load config from "c:\\code\\notasclaras\\dataconnect": could not find dataconnect.yaml in `c:\code\notasclaras\dataconnect`
 {"metadata":{"emulator":{"name":"dataconnect"},"message":"E1031 14:06:47.387836   14256 watch.go:31] Failed to load config from \"c:\\\\code\\\\notasclaras\\\\dataconnect\": could not find dataconnect.yaml in `c:\\code\\notasclaras\\dataconnect`\n"}}
[debug] [2025-10-31T18:06:57.386Z] E1031 14:06:57.386241   14256 watch.go:31] Failed to load config from "c:\\code\\notasclaras\\dataconnect": could not find dataconnect.yaml in `c:\code\notasclaras\dataconnect`
 {"metadata":{"emulator":{"name":"dataconnect"},"message":"E1031 14:06:57.386241   14256 watch.go:31] Failed to load config from \"c:\\\\code\\\\notasclaras\\\\dataconnect\": could not find dataconnect.yaml in `c:\\code\\notasclaras\\dataconnect`\n"}}
[debug] [2025-10-31T18:07:07.386Z] E1031 14:07:07.386617   14256 watch.go:31] Failed to load config from "c:\\code\\notasclaras\\dataconnect": could not find dataconnect.yaml in `c:\code\notasclaras\dataconnect`
 {"metadata":{"emulator":{"name":"dataconnect"},"message":"E1031 14:07:07.386617   14256 watch.go:31] Failed to load config from \"c:\\\\code\\\\notasclaras\\\\dataconnect\": could not find dataconnect.yaml in `c:\\code\\notasclaras\\dataconnect`\n"}}
[debug] [2025-10-31T18:07:17.387Z] E1031 14:07:17.386722   14256 watch.go:31] Failed to load config from "c:\\code\\notasclaras\\dataconnect": could not find dataconnect.yaml in `c:\code\notasclaras\dataconnect`
 {"metadata":{"emulator":{"name":"dataconnect"},"message":"E1031 14:07:17.386722   14256 watch.go:31] Failed to load config from \"c:\\\\code\\\\notasclaras\\\\dataconnect\": could not find dataconnect.yaml in `c:\\code\\notasclaras\\dataconnect`\n"}}
[debug] [2025-10-31T18:07:27.386Z] E1031 14:07:27.386042   14256 watch.go:31] Failed to load config from "c:\\code\\notasclaras\\dataconnect": could not find dataconnect.yaml in `c:\code\notasclaras\dataconnect`
 {"metadata":{"emulator":{"name":"dataconnect"},"message":"E1031 14:07:27.386042   14256 watch.go:31] Failed to load config from \"c:\\\\code\\\\notasclaras\\\\dataconnect\": could not find dataconnect.yaml in `c:\\code\\notasclaras\\dataconnect`\n"}}
[debug] [2025-10-31T18:07:27.387Z] E1031 14:07:27.386042   14256 watch.go:102] watchAllDir unable to walk dir `c:\code\notasclaras\dataconnect`: CreateFile c:\code\notasclaras\dataconnect: The system cannot find the file specified.
 {"metadata":{"emulator":{"name":"dataconnect"},"message":"E1031 14:07:27.386042   14256 watch.go:102] watchAllDir unable to walk dir `c:\\code\\notasclaras\\dataconnect`: CreateFile c:\\code\\notasclaras\\dataconnect: The system cannot find the file specified.\n"}}
[debug] [2025-10-31T18:07:37.387Z] E1031 14:07:37.386734   14256 watch.go:31] Failed to load config from "c:\\code\\notasclaras\\dataconnect": could not find dataconnect.yaml in `c:\code\notasclaras\dataconnect`
 {"metadata":{"emulator":{"name":"dataconnect"},"message":"E1031 14:07:37.386734   14256 watch.go:31] Failed to load config from \"c:\\\\code\\\\notasclaras\\\\dataconnect\": could not find dataconnect.yaml in `c:\\code\\notasclaras\\dataconnect`\n"}}
[debug] [2025-10-31T18:07:47.389Z] E1031 14:07:47.388536   14256 watch.go:31] Failed to load config from "c:\\code\\notasclaras\\dataconnect": could not find dataconnect.yaml in `c:\code\notasclaras\dataconnect`
 {"metadata":{"emulator":{"name":"dataconnect"},"message":"E1031 14:07:47.388536   14256 watch.go:31] Failed to load config from \"c:\\\\code\\\\notasclaras\\\\dataconnect\": could not find dataconnect.yaml in `c:\\code\\notasclaras\\dataconnect`\n"}}
[debug] [2025-10-31T18:07:57.386Z] E1031 14:07:57.387253   14256 watch.go:31] Failed to load config from "c:\\code\\notasclaras\\dataconnect": could not find dataconnect.yaml in `c:\code\notasclaras\dataconnect`
 {"metadata":{"emulator":{"name":"dataconnect"},"message":"E1031 14:07:57.387253   14256 watch.go:31] Failed to load config from \"c:\\\\code\\\\notasclaras\\\\dataconnect\": could not find dataconnect.yaml in `c:\\code\\notasclaras\\dataconnect`\n"}}
[debug] [2025-10-31T18:08:07.386Z] E1031 14:08:07.387005   14256 watch.go:31] Failed to load config from "c:\\code\\notasclaras\\dataconnect": could not find dataconnect.yaml in `c:\code\notasclaras\dataconnect`
 {"metadata":{"emulator":{"name":"dataconnect"},"message":"E1031 14:08:07.387005   14256 watch.go:31] Failed to load config from \"c:\\\\code\\\\notasclaras\\\\dataconnect\": could not find dataconnect.yaml in `c:\\code\\notasclaras\\dataconnect`\n"}}
[debug] [2025-10-31T18:08:17.387Z] E1031 14:08:17.388075   14256 watch.go:31] Failed to load config from "c:\\code\\notasclaras\\dataconnect": could not find dataconnect.yaml in `c:\code\notasclaras\dataconnect`
 {"metadata":{"emulator":{"name":"dataconnect"},"message":"E1031 14:08:17.388075   14256 watch.go:31] Failed to load config from \"c:\\\\code\\\\notasclaras\\\\dataconnect\": could not find dataconnect.yaml in `c:\\code\\notasclaras\\dataconnect`\n"}}
[debug] [2025-10-31T18:08:27.386Z] E1031 14:08:27.386800   14256 watch.go:31] Failed to load config from "c:\\code\\notasclaras\\dataconnect": could not find dataconnect.yaml in `c:\code\notasclaras\dataconnect`
 {"metadata":{"emulator":{"name":"dataconnect"},"message":"E1031 14:08:27.386800   14256 watch.go:31] Failed to load config from \"c:\\\\code\\\\notasclaras\\\\dataconnect\": could not find dataconnect.yaml in `c:\\code\\notasclaras\\dataconnect`\n"}}
[debug] [2025-10-31T18:08:37.386Z] E1031 14:08:37.386442   14256 watch.go:31] Failed to load config from "c:\\code\\notasclaras\\dataconnect": could not find dataconnect.yaml in `c:\code\notasclaras\dataconnect`
 {"metadata":{"emulator":{"name":"dataconnect"},"message":"E1031 14:08:37.386442   14256 watch.go:31] Failed to load config from \"c:\\\\code\\\\notasclaras\\\\dataconnect\": could not find dataconnect.yaml in `c:\\code\\notasclaras\\dataconnect`\n"}}
[debug] [2025-10-31T18:08:47.387Z] E1031 14:08:47.387745   14256 watch.go:31] Failed to load config from "c:\\code\\notasclaras\\dataconnect": could not find dataconnect.yaml in `c:\code\notasclaras\dataconnect`
 {"metadata":{"emulator":{"name":"dataconnect"},"message":"E1031 14:08:47.387745   14256 watch.go:31] Failed to load config from \"c:\\\\code\\\\notasclaras\\\\dataconnect\": could not find dataconnect.yaml in `c:\\code\\notasclaras\\dataconnect`\n"}}
[debug] [2025-10-31T18:08:57.387Z] E1031 14:08:57.387906   14256 watch.go:31] Failed to load config from "c:\\code\\notasclaras\\dataconnect": could not find dataconnect.yaml in `c:\code\notasclaras\dataconnect`
 {"metadata":{"emulator":{"name":"dataconnect"},"message":"E1031 14:08:57.387906   14256 watch.go:31] Failed to load config from \"c:\\\\code\\\\notasclaras\\\\dataconnect\": could not find dataconnect.yaml in `c:\\code\\notasclaras\\dataconnect`\n"}}
[debug] [2025-10-31T18:09:07.387Z] E1031 14:09:07.387372   14256 watch.go:31] Failed to load config from "c:\\code\\notasclaras\\dataconnect": could not find dataconnect.yaml in `c:\code\notasclaras\dataconnect`
 {"metadata":{"emulator":{"name":"dataconnect"},"message":"E1031 14:09:07.387372   14256 watch.go:31] Failed to load config from \"c:\\\\code\\\\notasclaras\\\\dataconnect\": could not find dataconnect.yaml in `c:\\code\\notasclaras\\dataconnect`\n"}}
[debug] [2025-10-31T18:09:17.386Z] E1031 14:09:17.386473   14256 watch.go:31] Failed to load config from "c:\\code\\notasclaras\\dataconnect": could not find dataconnect.yaml in `c:\code\notasclaras\dataconnect`
 {"metadata":{"emulator":{"name":"dataconnect"},"message":"E1031 14:09:17.386473   14256 watch.go:31] Failed to load config from \"c:\\\\code\\\\notasclaras\\\\dataconnect\": could not find dataconnect.yaml in `c:\\code\\notasclaras\\dataconnect`\n"}}
[debug] [2025-10-31T18:09:27.386Z] E1031 14:09:27.386142   14256 watch.go:31] Failed to load config from "c:\\code\\notasclaras\\dataconnect": could not find dataconnect.yaml in `c:\code\notasclaras\dataconnect`
E1031 14:09:27.386142   14256 watch.go:102] watchAllDir unable to walk dir `c:\code\notasclaras\dataconnect`: CreateFile c:\code\notasclaras\dataconnect: The system cannot find the file specified.
 {"metadata":{"emulator":{"name":"dataconnect"},"message":"E1031 14:09:27.386142   14256 watch.go:31] Failed to load config from \"c:\\\\code\\\\notasclaras\\\\dataconnect\": could not find dataconnect.yaml in `c:\\code\\notasclaras\\dataconnect`\nE1031 14:09:27.386142   14256 watch.go:102] watchAllDir unable to walk dir `c:\\code\\notasclaras\\dataconnect`: CreateFile c:\\code\\notasclaras\\dataconnect: The system cannot find the file specified.\n"}}
[debug] [2025-10-31T18:09:37.387Z] E1031 14:09:37.387889   14256 watch.go:31] Failed to load config from "c:\\code\\notasclaras\\dataconnect": could not find dataconnect.yaml in `c:\code\notasclaras\dataconnect`
 {"metadata":{"emulator":{"name":"dataconnect"},"message":"E1031 14:09:37.387889   14256 watch.go:31] Failed to load config from \"c:\\\\code\\\\notasclaras\\\\dataconnect\": could not find dataconnect.yaml in `c:\\code\\notasclaras\\dataconnect`\n"}}
[debug] [2025-10-31T18:09:47.389Z] E1031 14:09:47.388708   14256 watch.go:31] Failed to load config from "c:\\code\\notasclaras\\dataconnect": could not find dataconnect.yaml in `c:\code\notasclaras\dataconnect`
 {"metadata":{"emulator":{"name":"dataconnect"},"message":"E1031 14:09:47.388708   14256 watch.go:31] Failed to load config from \"c:\\\\code\\\\notasclaras\\\\dataconnect\": could not find dataconnect.yaml in `c:\\code\\notasclaras\\dataconnect`\n"}}
[debug] [2025-10-31T18:09:57.388Z] E1031 14:09:57.388085   14256 watch.go:31] Failed to load config from "c:\\code\\notasclaras\\dataconnect": could not find dataconnect.yaml in `c:\code\notasclaras\dataconnect`
 {"metadata":{"emulator":{"name":"dataconnect"},"message":"E1031 14:09:57.388085   14256 watch.go:31] Failed to load config from \"c:\\\\code\\\\notasclaras\\\\dataconnect\": could not find dataconnect.yaml in `c:\\code\\notasclaras\\dataconnect`\n"}}
[debug] [2025-10-31T18:10:07.387Z] E1031 14:10:07.386886   14256 watch.go:31] Failed to load config from "c:\\code\\notasclaras\\dataconnect": could not find dataconnect.yaml in `c:\code\notasclaras\dataconnect`
 {"metadata":{"emulator":{"name":"dataconnect"},"message":"E1031 14:10:07.386886   14256 watch.go:31] Failed to load config from \"c:\\\\code\\\\notasclaras\\\\dataconnect\": could not find dataconnect.yaml in `c:\\code\\notasclaras\\dataconnect`\n"}}
[debug] [2025-10-31T18:10:17.391Z] E1031 14:10:17.391183   14256 watch.go:31] Failed to load config from "c:\\code\\notasclaras\\dataconnect": could not find dataconnect.yaml in `c:\code\notasclaras\dataconnect`
 {"metadata":{"emulator":{"name":"dataconnect"},"message":"E1031 14:10:17.391183   14256 watch.go:31] Failed to load config from \"c:\\\\code\\\\notasclaras\\\\dataconnect\": could not find dataconnect.yaml in `c:\\code\\notasclaras\\dataconnect`\n"}}
[debug] [2025-10-31T18:10:27.386Z] E1031 14:10:27.386095   14256 watch.go:31] Failed to load config from "c:\\code\\notasclaras\\dataconnect": could not find dataconnect.yaml in `c:\code\notasclaras\dataconnect`
 {"metadata":{"emulator":{"name":"dataconnect"},"message":"E1031 14:10:27.386095   14256 watch.go:31] Failed to load config from \"c:\\\\code\\\\notasclaras\\\\dataconnect\": could not find dataconnect.yaml in `c:\\code\\notasclaras\\dataconnect`\n"}}
[debug] [2025-10-31T18:10:37.387Z] E1031 14:10:37.386889   14256 watch.go:31] Failed to load config from "c:\\code\\notasclaras\\dataconnect": could not find dataconnect.yaml in `c:\code\notasclaras\dataconnect`
 {"metadata":{"emulator":{"name":"dataconnect"},"message":"E1031 14:10:37.386889   14256 watch.go:31] Failed to load config from \"c:\\\\code\\\\notasclaras\\\\dataconnect\": could not find dataconnect.yaml in `c:\\code\\notasclaras\\dataconnect`\n"}}
[debug] [2025-10-31T18:10:47.386Z] E1031 14:10:47.386168   14256 watch.go:31] Failed to load config from "c:\\code\\notasclaras\\dataconnect": could not find dataconnect.yaml in `c:\code\notasclaras\dataconnect`
 {"metadata":{"emulator":{"name":"dataconnect"},"message":"E1031 14:10:47.386168   14256 watch.go:31] Failed to load config from \"c:\\\\code\\\\notasclaras\\\\dataconnect\": could not find dataconnect.yaml in `c:\\code\\notasclaras\\dataconnect`\n"}}
[debug] [2025-10-31T18:10:57.459Z] E1031 14:10:57.386354   14256 watch.go:31] Failed to load config from "c:\\code\\notasclaras\\dataconnect": could not find dataconnect.yaml in `c:\code\notasclaras\dataconnect`
 {"metadata":{"emulator":{"name":"dataconnect"},"message":"E1031 14:10:57.386354   14256 watch.go:31] Failed to load config from \"c:\\\\code\\\\notasclaras\\\\dataconnect\": could not find dataconnect.yaml in `c:\\code\\notasclaras\\dataconnect`\n"}}
[debug] [2025-10-31T18:11:07.387Z] E1031 14:11:07.387589   14256 watch.go:31] Failed to load config from "c:\\code\\notasclaras\\dataconnect": could not find dataconnect.yaml in `c:\code\notasclaras\dataconnect`
 {"metadata":{"emulator":{"name":"dataconnect"},"message":"E1031 14:11:07.387589   14256 watch.go:31] Failed to load config from \"c:\\\\code\\\\notasclaras\\\\dataconnect\": could not find dataconnect.yaml in `c:\\code\\notasclaras\\dataconnect`\n"}}
[debug] [2025-10-31T18:11:17.386Z] E1031 14:11:17.386766   14256 watch.go:31] Failed to load config from "c:\\code\\notasclaras\\dataconnect": could not find dataconnect.yaml in `c:\code\notasclaras\dataconnect`
 {"metadata":{"emulator":{"name":"dataconnect"},"message":"E1031 14:11:17.386766   14256 watch.go:31] Failed to load config from \"c:\\\\code\\\\notasclaras\\\\dataconnect\": could not find dataconnect.yaml in `c:\\code\\notasclaras\\dataconnect`\n"}}
[debug] [2025-10-31T18:11:27.387Z] E1031 14:11:27.386754   14256 watch.go:31] Failed to load config from "c:\\code\\notasclaras\\dataconnect": could not find dataconnect.yaml in `c:\code\notasclaras\dataconnect`
E1031 14:11:27.386754   14256 watch.go:102] watchAllDir unable to walk dir `c:\code\notasclaras\dataconnect`: CreateFile c:\code\notasclaras\dataconnect: The system cannot find the file specified.
 {"metadata":{"emulator":{"name":"dataconnect"},"message":"E1031 14:11:27.386754   14256 watch.go:31] Failed to load config from \"c:\\\\code\\\\notasclaras\\\\dataconnect\": could not find dataconnect.yaml in `c:\\code\\notasclaras\\dataconnect`\nE1031 14:11:27.386754   14256 watch.go:102] watchAllDir unable to walk dir `c:\\code\\notasclaras\\dataconnect`: CreateFile c:\\code\\notasclaras\\dataconnect: The system cannot find the file specified.\n"}}
[debug] [2025-10-31T18:11:37.386Z] E1031 14:11:37.386101   14256 watch.go:31] Failed to load config from "c:\\code\\notasclaras\\dataconnect": could not find dataconnect.yaml in `c:\code\notasclaras\dataconnect`
 {"metadata":{"emulator":{"name":"dataconnect"},"message":"E1031 14:11:37.386101   14256 watch.go:31] Failed to load config from \"c:\\\\code\\\\notasclaras\\\\dataconnect\": could not find dataconnect.yaml in `c:\\code\\notasclaras\\dataconnect`\n"}}
[debug] [2025-10-31T18:11:47.388Z] E1031 14:11:47.387787   14256 watch.go:31] Failed to load config from "c:\\code\\notasclaras\\dataconnect": could not find dataconnect.yaml in `c:\code\notasclaras\dataconnect`
 {"metadata":{"emulator":{"name":"dataconnect"},"message":"E1031 14:11:47.387787   14256 watch.go:31] Failed to load config from \"c:\\\\code\\\\notasclaras\\\\dataconnect\": could not find dataconnect.yaml in `c:\\code\\notasclaras\\dataconnect`\n"}}
[debug] [2025-10-31T18:11:57.386Z] E1031 14:11:57.386547   14256 watch.go:31] Failed to load config from "c:\\code\\notasclaras\\dataconnect": could not find dataconnect.yaml in `c:\code\notasclaras\dataconnect`
 {"metadata":{"emulator":{"name":"dataconnect"},"message":"E1031 14:11:57.386547   14256 watch.go:31] Failed to load config from \"c:\\\\code\\\\notasclaras\\\\dataconnect\": could not find dataconnect.yaml in `c:\\code\\notasclaras\\dataconnect`\n"}}
[debug] [2025-10-31T18:12:07.387Z] E1031 14:12:07.387607   14256 watch.go:31] Failed to load config from "c:\\code\\notasclaras\\dataconnect": could not find dataconnect.yaml in `c:\code\notasclaras\dataconnect`
 {"metadata":{"emulator":{"name":"dataconnect"},"message":"E1031 14:12:07.387607   14256 watch.go:31] Failed to load config from \"c:\\\\code\\\\notasclaras\\\\dataconnect\": could not find dataconnect.yaml in `c:\\code\\notasclaras\\dataconnect`\n"}}
[debug] [2025-10-31T18:12:17.386Z] E1031 14:12:17.386382   14256 watch.go:31] Failed to load config from "c:\\code\\notasclaras\\dataconnect": could not find dataconnect.yaml in `c:\code\notasclaras\dataconnect`
 {"metadata":{"emulator":{"name":"dataconnect"},"message":"E1031 14:12:17.386382   14256 watch.go:31] Failed to load config from \"c:\\\\code\\\\notasclaras\\\\dataconnect\": could not find dataconnect.yaml in `c:\\code\\notasclaras\\dataconnect`\n"}}
[debug] [2025-10-31T18:12:27.396Z] E1031 14:12:27.396725   14256 watch.go:31] Failed to load config from "c:\\code\\notasclaras\\dataconnect": could not find dataconnect.yaml in `c:\code\notasclaras\dataconnect`
 {"metadata":{"emulator":{"name":"dataconnect"},"message":"E1031 14:12:27.396725   14256 watch.go:31] Failed to load config from \"c:\\\\code\\\\notasclaras\\\\dataconnect\": could not find dataconnect.yaml in `c:\\code\\notasclaras\\dataconnect`\n"}}
[debug] [2025-10-31T18:12:37.387Z] E1031 14:12:37.386295   14256 watch.go:31] Failed to load config from "c:\\code\\notasclaras\\dataconnect": could not find dataconnect.yaml in `c:\code\notasclaras\dataconnect`
 {"metadata":{"emulator":{"name":"dataconnect"},"message":"E1031 14:12:37.386295   14256 watch.go:31] Failed to load config from \"c:\\\\code\\\\notasclaras\\\\dataconnect\": could not find dataconnect.yaml in `c:\\code\\notasclaras\\dataconnect`\n"}}
[debug] [2025-10-31T18:12:47.387Z] E1031 14:12:47.387518   14256 watch.go:31] Failed to load config from "c:\\code\\notasclaras\\dataconnect": could not find dataconnect.yaml in `c:\code\notasclaras\dataconnect`
 {"metadata":{"emulator":{"name":"dataconnect"},"message":"E1031 14:12:47.387518   14256 watch.go:31] Failed to load config from \"c:\\\\code\\\\notasclaras\\\\dataconnect\": could not find dataconnect.yaml in `c:\\code\\notasclaras\\dataconnect`\n"}}
[debug] [2025-10-31T18:12:57.386Z] E1031 14:12:57.386969   14256 watch.go:31] Failed to load config from "c:\\code\\notasclaras\\dataconnect": could not find dataconnect.yaml in `c:\code\notasclaras\dataconnect`
 {"metadata":{"emulator":{"name":"dataconnect"},"message":"E1031 14:12:57.386969   14256 watch.go:31] Failed to load config from \"c:\\\\code\\\\notasclaras\\\\dataconnect\": could not find dataconnect.yaml in `c:\\code\\notasclaras\\dataconnect`\n"}}
[debug] [2025-10-31T18:13:07.387Z] E1031 14:13:07.387725   14256 watch.go:31] Failed to load config from "c:\\code\\notasclaras\\dataconnect": could not find dataconnect.yaml in `c:\code\notasclaras\dataconnect`
 {"metadata":{"emulator":{"name":"dataconnect"},"message":"E1031 14:13:07.387725   14256 watch.go:31] Failed to load config from \"c:\\\\code\\\\notasclaras\\\\dataconnect\": could not find dataconnect.yaml in `c:\\code\\notasclaras\\dataconnect`\n"}}
[debug] [2025-10-31T18:13:17.386Z] E1031 14:13:17.386913   14256 watch.go:31] Failed to load config from "c:\\code\\notasclaras\\dataconnect": could not find dataconnect.yaml in `c:\code\notasclaras\dataconnect`
 {"metadata":{"emulator":{"name":"dataconnect"},"message":"E1031 14:13:17.386913   14256 watch.go:31] Failed to load config from \"c:\\\\code\\\\notasclaras\\\\dataconnect\": could not find dataconnect.yaml in `c:\\code\\notasclaras\\dataconnect`\n"}}
[debug] [2025-10-31T18:13:27.386Z] E1031 14:13:27.386463   14256 watch.go:31] Failed to load config from "c:\\code\\notasclaras\\dataconnect": could not find dataconnect.yaml in `c:\code\notasclaras\dataconnect`
 {"metadata":{"emulator":{"name":"dataconnect"},"message":"E1031 14:13:27.386463   14256 watch.go:31] Failed to load config from \"c:\\\\code\\\\notasclaras\\\\dataconnect\": could not find dataconnect.yaml in `c:\\code\\notasclaras\\dataconnect`\n"}}
[debug] [2025-10-31T18:13:27.386Z] E1031 14:13:27.386463   14256 watch.go:102] watchAllDir unable to walk dir `c:\code\notasclaras\dataconnect`: CreateFile c:\code\notasclaras\dataconnect: The system cannot find the file specified.
 {"metadata":{"emulator":{"name":"dataconnect"},"message":"E1031 14:13:27.386463   14256 watch.go:102] watchAllDir unable to walk dir `c:\\code\\notasclaras\\dataconnect`: CreateFile c:\\code\\notasclaras\\dataconnect: The system cannot find the file specified.\n"}}
[debug] [2025-10-31T18:13:37.385Z] E1031 14:13:37.386480   14256 watch.go:31] Failed to load config from "c:\\code\\notasclaras\\dataconnect": could not find dataconnect.yaml in `c:\code\notasclaras\dataconnect`
 {"metadata":{"emulator":{"name":"dataconnect"},"message":"E1031 14:13:37.386480   14256 watch.go:31] Failed to load config from \"c:\\\\code\\\\notasclaras\\\\dataconnect\": could not find dataconnect.yaml in `c:\\code\\notasclaras\\dataconnect`\n"}}
[debug] [2025-10-31T18:13:47.386Z] E1031 14:13:47.386626   14256 watch.go:31] Failed to load config from "c:\\code\\notasclaras\\dataconnect": could not find dataconnect.yaml in `c:\code\notasclaras\dataconnect`
 {"metadata":{"emulator":{"name":"dataconnect"},"message":"E1031 14:13:47.386626   14256 watch.go:31] Failed to load config from \"c:\\\\code\\\\notasclaras\\\\dataconnect\": could not find dataconnect.yaml in `c:\\code\\notasclaras\\dataconnect`\n"}}
[debug] [2025-10-31T18:13:57.387Z] E1031 14:13:57.386085   14256 watch.go:31] Failed to load config from "c:\\code\\notasclaras\\dataconnect": could not find dataconnect.yaml in `c:\code\notasclaras\dataconnect`
 {"metadata":{"emulator":{"name":"dataconnect"},"message":"E1031 14:13:57.386085   14256 watch.go:31] Failed to load config from \"c:\\\\code\\\\notasclaras\\\\dataconnect\": could not find dataconnect.yaml in `c:\\code\\notasclaras\\dataconnect`\n"}}
[debug] [2025-10-31T18:14:07.387Z] E1031 14:14:07.386431   14256 watch.go:31] Failed to load config from "c:\\code\\notasclaras\\dataconnect": could not find dataconnect.yaml in `c:\code\notasclaras\dataconnect`
 {"metadata":{"emulator":{"name":"dataconnect"},"message":"E1031 14:14:07.386431   14256 watch.go:31] Failed to load config from \"c:\\\\code\\\\notasclaras\\\\dataconnect\": could not find dataconnect.yaml in `c:\\code\\notasclaras\\dataconnect`\n"}}
[debug] [2025-10-31T18:14:17.387Z] E1031 14:14:17.386724   14256 watch.go:31] Failed to load config from "c:\\code\\notasclaras\\dataconnect": could not find dataconnect.yaml in `c:\code\notasclaras\dataconnect`
 {"metadata":{"emulator":{"name":"dataconnect"},"message":"E1031 14:14:17.386724   14256 watch.go:31] Failed to load config from \"c:\\\\code\\\\notasclaras\\\\dataconnect\": could not find dataconnect.yaml in `c:\\code\\notasclaras\\dataconnect`\n"}}
[debug] [2025-10-31T18:14:27.387Z] E1031 14:14:27.386490   14256 watch.go:31] Failed to load config from "c:\\code\\notasclaras\\dataconnect": could not find dataconnect.yaml in `c:\code\notasclaras\dataconnect`
 {"metadata":{"emulator":{"name":"dataconnect"},"message":"E1031 14:14:27.386490   14256 watch.go:31] Failed to load config from \"c:\\\\code\\\\notasclaras\\\\dataconnect\": could not find dataconnect.yaml in `c:\\code\\notasclaras\\dataconnect`\n"}}
